Using pre-set license
Built from '2020.3/staging' branch; Version is '2020.3.9f1 (108be757e447) revision 1084391'; Using compiler version '192528614'; Build Type 'Release'
OS: 'Windows 10 Home Single Language; OS build 19043.1826; Version 2009; 64bit' Language: 'ru' Physical Memory: 11663 MB
BatchMode: 1, IsHumanControllingUs: 0, StartBugReporterOnCrash: 0, Is64bit: 1, IsPro: 0

 COMMAND LINE ARGUMENTS:
C:\Program Files\Unity\Hub\Editor\2020.3.9f1\Editor\Unity.exe
-adb2
-batchMode
-noUpm
-name
AssetImportWorker19
-projectPath
C:/unityC/Battle of Steel
-logFile
Logs/AssetImportWorker19.log
-srvPort
58337
Successfully changed project path to: C:/unityC/Battle of Steel
C:/unityC/Battle of Steel
Using Asset Import Pipeline V2.
Refreshing native plugins compatible for Editor in 522.49 ms, found 2 plugins.
Preloading 0 native plugins for Editor in 0.00 ms.
Initialize engine version: 2020.3.9f1 (108be757e447)
[Subsystems] Discovering subsystems at path C:/Program Files/Unity/Hub/Editor/2020.3.9f1/Editor/Data/Resources/UnitySubsystems
[Subsystems] Discovering subsystems at path C:/unityC/Battle of Steel/Assets
GfxDevice: creating device client; threaded=0
Direct3D:
    Version:  Direct3D 11.0 [level 11.1]
    Renderer: AMD Radeon R5 Graphics (ID=0x9874)
    Vendor:   
    VRAM:     5831 MB
    Driver:   27.20.1034.6
Invalid texture used for cursor - check importer settings or texture creation. Texture must be RGBA32, readable, have alphaIsTransparency enabled and have no mip chain.
0x00007ff7909d726c (Unity) StackWalker::GetCurrentCallstack
0x00007ff7909df649 (Unity) StackWalker::ShowCallstack
0x00007ff791ec24ac (Unity) GetStacktrace
0x00007ff792fc5af3 (Unity) DebugStringToFile
0x00007ff78ffe85dd (Unity) Cursors::ValidateCursor
0x00007ff792ff17b0 (Unity) PlayerSettings::InitDefaultCursors
0x00007ff792ff233f (Unity) PlayerSettings::PostInitializeClass
0x00007ff78f9e4aab (Unity) TypeManager::CallPostInitializeTypes
0x00007ff790123ba7 (Unity) InitializeEngineGraphics
0x00007ff79154b8ed (Unity) Application::InitializeProject
0x00007ff791ecfa12 (Unity) WinMain
0x00007ff793d20ef6 (Unity) __scrt_common_main_seh
0x00007ffee9357034 (KERNEL32) BaseThreadInitThunk
0x00007ffeeb2c2651 (ntdll) RtlUserThreadStart

Initialize mono
Mono path[0] = 'C:/Program Files/Unity/Hub/Editor/2020.3.9f1/Editor/Data/Managed'
Mono path[1] = 'C:/Program Files/Unity/Hub/Editor/2020.3.9f1/Editor/Data/MonoBleedingEdge/lib/mono/unityjit'
Mono config path = 'C:/Program Files/Unity/Hub/Editor/2020.3.9f1/Editor/Data/MonoBleedingEdge/etc'
Using monoOptions --debugger-agent=transport=dt_socket,embedding=1,server=y,suspend=n,address=127.0.0.1:56596
Begin MonoManager ReloadAssembly
Registering precompiled unity dll's ...
Register platform support module: C:/Program Files/Unity/Hub/Editor/2020.3.9f1/Editor/Data/PlaybackEngines/MacStandaloneSupport/UnityEditor.OSXStandalone.Extensions.dll
Register platform support module: C:/Program Files/Unity/Hub/Editor/2020.3.9f1/Editor/Data/PlaybackEngines/WindowsStandaloneSupport/UnityEditor.WindowsStandalone.Extensions.dll
Register platform support module: C:/Program Files/Unity/Hub/Editor/2020.3.9f1/Editor/Data/PlaybackEngines/LinuxStandaloneSupport/UnityEditor.LinuxStandalone.Extensions.dll
Registered in 0.027228 seconds.
Native extension for LinuxStandalone target not found
Native extension for WindowsStandalone target not found
Native extension for OSXStandalone target not found
Refreshing native plugins compatible for Editor in 340.92 ms, found 2 plugins.
Preloading 0 native plugins for Editor in 0.00 ms.
Mono: successfully reloaded assembly
- Completed reload, in 17.495 seconds
Platform modules already initialized, skipping
Registering precompiled user dll's ...
Registered in 0.049377 seconds.
