Base path: 'C:/Program Files/Unity/Hub/Editor/2020.3.9f1/Editor/Data', plugins path 'C:/Program Files/Unity/Hub/Editor/2020.3.9f1/Editor/Data/PlaybackEngines'
Cmd: initializeCompiler

Cmd: compileSnippet
  insize=1647 file=Assets/DefaultResourcesExtra/Standard pass=FORWARD cachingPP=1 ppOnly=0 stripLineD=0 buildPlatform=13 rsLen=0 pKW=UNITY_NO_DXT5nm UNITY_ENABLE_REFLECTION_BUFFERS UNITY_NO_CUBEMAP_ARRAY UNITY_NO_SCREENSPACE_SHADOWS UNITY_PBS_USE_BRDF2 SHADER_API_DESKTOP UNITY_HARDWARE_TIER3 UNITY_COLORSPACE_GAMMA UNITY_LIGHTMAP_DLDR_ENCODING UNITY_PASS_FORWARDBASE uKW=DIRECTIONAL SHADOWS_SCREEN LIGHTPROBE_SH _EMISSION dKW=FOG_LINEAR FOG_EXP FOG_EXP2 INSTANCING_ON _NORMALMAP _ALPHATEST_ON _ALPHABLEND_ON _ALPHAPREMULTIPLY_ON _METALLICGLOSSMAP _DETAIL_MULX2 _SMOOTHNESS_TEXTURE_ALBEDO_CHANNEL_A _SPECULARHIGHLIGHTS_OFF _GLOSSYREFLECTIONS_OFF _PARALLAXMAP SHADOWS_SHADOWMASK DYNAMICLIGHTMAP_ON LIGHTMAP_ON LIGHTMAP_SHADOW_MIXING DIRLIGHTMAP_COMBINED UNITY_ENABLE_NATIVE_SHADOW_LOOKUPS UNITY_METAL_SHADOWS_USE_POINT_FILTERING UNITY_USE_DITHER_MASK_FOR_ALPHABLENDED_SHADOWS UNITY_PBS_USE_BRDF1 UNITY_PBS_USE_BRDF3 UNITY_NO_FULL_STANDARD_SHADER UNITY_SPECCUBE_BOX_PROJECTION UNITY_SPECCUBE_BLENDING UNITY_ENABLE_DETAIL_NORMALMAP UNITY_HARDWARE_TIER1 UNITY_HARDWARE_TIER2 UNITY_LIGHT_PROBE_PROXY_VOLUME UNITY_HALF_PRECISION_FRAGMENT_SHADER_REGISTERS UNITY_LIGHTMAP_RGBM_ENCODING UNITY_LIGHTMAP_FULL_HDR UNITY_VIRTUAL_TEXTURING UNITY_PRETRANSFORM_TO_DISPLAY_ORIENTATION UNITY_ASTC_NORMALMAP_ENCODING SHADER_API_GLES30 flags=0 lang=0 type=Fragment platform=d3d11 reqs=227 mask=6 start=68 ok=1 outsize=3894

Cmd: disassembleShader
 name=Mobile/Bumped Diffuse platform=gles3 type=4 mask=6 insize=4861 outsize=4861 ok=1

Cmd: disassembleShader
 name=Mobile/Bumped Diffuse platform=gles3 type=4 mask=6 insize=7016 outsize=7016 ok=1

Cmd: disassembleShader
 name=Mobile/Bumped Diffuse platform=gles3 type=4 mask=6 insize=8448 outsize=8448 ok=1

Cmd: disassembleShader
 name=Mobile/Bumped Diffuse platform=gles3 type=4 mask=6 insize=4861 outsize=4861 ok=1

Cmd: disassembleShader
 name=Mobile/Bumped Diffuse platform=gles3 type=4 mask=6 insize=7663 outsize=7663 ok=1

Cmd: disassembleShader
 name=Mobile/Bumped Diffuse platform=gles3 type=4 mask=6 insize=7016 outsize=7016 ok=1

Cmd: disassembleShader
 name=Mobile/Bumped Diffuse platform=gles3 type=4 mask=6 insize=10015 outsize=10015 ok=1

Cmd: disassembleShader
 name=Mobile/Bumped Diffuse platform=vulkan type=25 mask=6 insize=2992 outsize=28303 ok=1

Cmd: disassembleShader
 name=Mobile/Bumped Diffuse platform=vulkan type=25 mask=6 insize=3909 outsize=37936 ok=1

Cmd: disassembleShader
 name=Mobile/Bumped Diffuse platform=vulkan type=25 mask=6 insize=4060 outsize=38937 ok=1

Cmd: disassembleShader
 name=Mobile/Bumped Diffuse platform=vulkan type=25 mask=6 insize=2992 outsize=28303 ok=1

Cmd: disassembleShader
 name=Mobile/Bumped Diffuse platform=vulkan type=25 mask=6 insize=4738 outsize=44901 ok=1

Cmd: disassembleShader
 name=Mobile/Bumped Diffuse platform=vulkan type=25 mask=6 insize=4060 outsize=38937 ok=1

Cmd: disassembleShader
 name=Mobile/Bumped Diffuse platform=vulkan type=25 mask=6 insize=2677 outsize=24626 ok=1

Cmd: disassembleShader
 name=Mobile/Bumped Diffuse platform=gles3 type=4 mask=6 insize=4735 outsize=4735 ok=1

Cmd: disassembleShader
 name=Mobile/Bumped Diffuse platform=gles3 type=4 mask=6 insize=4735 outsize=4735 ok=1

Cmd: disassembleShader
 name=Mobile/Bumped Diffuse platform=gles3 type=4 mask=6 insize=4689 outsize=4689 ok=1

Cmd: disassembleShader
 name=Mobile/Bumped Diffuse platform=vulkan type=25 mask=6 insize=2935 outsize=28023 ok=1

Cmd: disassembleShader
 name=Mobile/Bumped Diffuse platform=vulkan type=25 mask=6 insize=2935 outsize=28023 ok=1

Cmd: disassembleShader
 name=Mobile/Bumped Diffuse platform=vulkan type=25 mask=6 insize=2909 outsize=27659 ok=1

Cmd: disassembleShader
 name=Mobile/Bumped Diffuse platform=gles3 type=4 mask=6 insize=6284 outsize=6284 ok=1

Cmd: disassembleShader
 name=Mobile/Bumped Diffuse platform=gles3 type=4 mask=6 insize=4807 outsize=4807 ok=1

Cmd: disassembleShader
 name=Mobile/Bumped Diffuse platform=gles3 type=4 mask=6 insize=6238 outsize=6238 ok=1

Cmd: disassembleShader
 name=Mobile/Bumped Diffuse platform=vulkan type=25 mask=6 insize=2914 outsize=27075 ok=1

Cmd: disassembleShader
 name=Mobile/Bumped Diffuse platform=vulkan type=25 mask=6 insize=2914 outsize=27075 ok=1

Cmd: disassembleShader
 name=Mobile/Bumped Diffuse platform=vulkan type=25 mask=6 insize=3818 outsize=36590 ok=1

